<?xml version="1.0" encoding="UTF-8"?>
<!-- Generated by org.testng.reporters.JUnitReportReporter -->
<testsuite skipped="0" hostname="Zainabs-MacBook-Pro-2.local" name="tests.LoginTests" tests="2" failures="0" timestamp="2020-01-31T19:24:54 WAT" time="24.823" errors="0">
  <testcase name="testLoginSuccessfully" time="12.563" classname="tests.LoginTests"/>
  <testcase name="testLoginUnSuccessfully" time="12.260" classname="tests.LoginTests"/>
</testsuite> <!-- tests.LoginTests -->
